<?xml version="1.0" encoding="UTF-8"?>
<testng-results total="2" passed="2" failed="0" skipped="0">
  <reporter-output>
  </reporter-output>
  <suite started-at="2021-06-28T10:53:57Z" name="Suite1" finished-at="2021-06-28T10:54:36Z" duration-ms="39065">
    <groups>
    </groups>
    <test started-at="2021-06-28T10:53:57Z" name="Nopackage" finished-at="2021-06-28T10:54:36Z" duration-ms="39065">
      <class name="com.hrms.testscripts.TC001">
        <test-method signature="TC001()[pri:0, instance:com.hrms.testscripts.TC001@209da20d]" started-at="2021-06-28T16:23:57Z" name="TC001" finished-at="2021-06-28T16:24:17Z" duration-ms="20038" status="PASS">
          <reporter-output>
          </reporter-output>
        </test-method> <!-- TC001 -->
      </class> <!-- com.hrms.testscripts.TC001 -->
      <class name="com.hrms.testscripts.TC002">
        <test-method signature="TC002()[pri:0, instance:com.hrms.testscripts.TC002@7c24b813]" started-at="2021-06-28T16:24:17Z" name="TC002" finished-at="2021-06-28T16:24:36Z" duration-ms="19004" status="PASS">
          <reporter-output>
          </reporter-output>
        </test-method> <!-- TC002 -->
      </class> <!-- com.hrms.testscripts.TC002 -->
    </test> <!-- Nopackage -->
  </suite> <!-- Suite1 -->
</testng-results>
